

================================================================
== Vivado HLS Report for 'CrappyButFreeChromaResampler'
================================================================
* Date:           Wed Nov  1 11:36:22 2017

* Version:        2017.2 (Build 1909853 on Thu Jun 15 18:55:24 MDT 2017)
* Project:        CrappyButFreeChromaResampler
* Solution:       solution1
* Product family: zynq
* Target device:  xc7z020clg484-1


================================================================
== Performance Estimates
================================================================
+ Timing (ns): 
    * Summary: 
    +--------+-------+----------+------------+
    |  Clock | Target| Estimated| Uncertainty|
    +--------+-------+----------+------------+
    |ap_clk  |   6.00|      5.22|        0.75|
    +--------+-------+----------+------------+

+ Latency (clock cycles): 
    * Summary: 
    +-----+-----+-----+-----+---------+
    |  Latency  |  Interval | Pipeline|
    | min | max | min | max |   Type  |
    +-----+-----+-----+-----+---------+
    |    ?|    ?|    ?|    ?|   none  |
    +-----+-----+-----+-----+---------+

    + Detail: 
        * Instance: 
        N/A

        * Loop: 
        +----------+---------+---------+----------+-----------+-----------+---------+----------+
        |          |      Latency      | Iteration|  Initiation Interval  |   Trip  |          |
        | Loop Name|   min   |   max   |  Latency |  achieved |   target  |  Count  | Pipelined|
        +----------+---------+---------+----------+-----------+-----------+---------+----------+
        |- inf     |        ?|        ?|   2073604|          -|          -|   inf   |    no    |
        | + img    |  2073601|  2073601|         3|          1|          1|  2073600|    yes   |
        +----------+---------+---------+----------+-----------+-----------+---------+----------+



================================================================
== Utilization Estimates
================================================================
* Summary: 
+-----------------+---------+-------+--------+-------+
|       Name      | BRAM_18K| DSP48E|   FF   |  LUT  |
+-----------------+---------+-------+--------+-------+
|DSP              |        -|      -|       -|      -|
|Expression       |        -|      -|      68|    127|
|FIFO             |        -|      -|       -|      -|
|Instance         |        -|      -|       -|      -|
|Memory           |        -|      -|       -|      -|
|Multiplexer      |        -|      -|       -|    321|
|Register         |        -|      -|     187|      -|
+-----------------+---------+-------+--------+-------+
|Total            |        0|      0|     255|    448|
+-----------------+---------+-------+--------+-------+
|Available        |      280|    220|  106400|  53200|
+-----------------+---------+-------+--------+-------+
|Utilization (%)  |        0|      0|   ~0   |   ~0  |
+-----------------+---------+-------+--------+-------+

+ Detail: 
    * Instance: 
    N/A

    * DSP48: 
    N/A

    * Memory: 
    N/A

    * FIFO: 
    N/A

    * Expression: 
    +-------------------------------------+----------+-------+----+----+------------+------------+
    |            Variable Name            | Operation| DSP48E| FF | LUT| Bitwidth P0| Bitwidth P1|
    +-------------------------------------+----------+-------+----+----+------------+------------+
    |i_1_fu_139_p2                        |     +    |      0|  68|  26|          21|           1|
    |ap_block_pp0_stage0_flag00001001     |    and   |      0|   0|   2|           1|           1|
    |ap_block_state4_io                   |    and   |      0|   0|   2|           1|           1|
    |ap_block_state4_pp0_stage0_iter1     |    and   |      0|   0|   2|           1|           1|
    |ap_block_state5_io                   |    and   |      0|   0|   2|           1|           1|
    |video_in_V_data_V_0_load_A           |    and   |      0|   0|   2|           1|           1|
    |video_in_V_data_V_0_load_B           |    and   |      0|   0|   2|           1|           1|
    |video_in_V_keep_V_0_load_A           |    and   |      0|   0|   2|           1|           1|
    |video_in_V_keep_V_0_load_B           |    and   |      0|   0|   2|           1|           1|
    |video_in_V_last_V_0_load_A           |    and   |      0|   0|   2|           1|           1|
    |video_in_V_last_V_0_load_B           |    and   |      0|   0|   2|           1|           1|
    |video_in_V_strb_V_0_load_A           |    and   |      0|   0|   2|           1|           1|
    |video_in_V_strb_V_0_load_B           |    and   |      0|   0|   2|           1|           1|
    |video_in_V_user_V_0_load_A           |    and   |      0|   0|   2|           1|           1|
    |video_in_V_user_V_0_load_B           |    and   |      0|   0|   2|           1|           1|
    |video_out_V_data_V_1_load_A          |    and   |      0|   0|   2|           1|           1|
    |video_out_V_data_V_1_load_B          |    and   |      0|   0|   2|           1|           1|
    |video_out_V_keep_V_1_load_A          |    and   |      0|   0|   2|           1|           1|
    |video_out_V_keep_V_1_load_B          |    and   |      0|   0|   2|           1|           1|
    |video_out_V_last_V_1_load_A          |    and   |      0|   0|   2|           1|           1|
    |video_out_V_last_V_1_load_B          |    and   |      0|   0|   2|           1|           1|
    |video_out_V_strb_V_1_load_A          |    and   |      0|   0|   2|           1|           1|
    |video_out_V_strb_V_1_load_B          |    and   |      0|   0|   2|           1|           1|
    |video_out_V_user_V_1_load_A          |    and   |      0|   0|   2|           1|           1|
    |video_out_V_user_V_1_load_B          |    and   |      0|   0|   2|           1|           1|
    |exitcond_fu_133_p2                   |   icmp   |      0|   0|  13|          21|          16|
    |video_in_V_data_V_0_state_cmp_full   |   icmp   |      0|   0|   1|           2|           1|
    |video_in_V_keep_V_0_state_cmp_full   |   icmp   |      0|   0|   1|           2|           1|
    |video_in_V_last_V_0_state_cmp_full   |   icmp   |      0|   0|   1|           2|           1|
    |video_in_V_strb_V_0_state_cmp_full   |   icmp   |      0|   0|   1|           2|           1|
    |video_in_V_user_V_0_state_cmp_full   |   icmp   |      0|   0|   1|           2|           1|
    |video_out_V_data_V_1_state_cmp_full  |   icmp   |      0|   0|   1|           2|           1|
    |video_out_V_keep_V_1_state_cmp_full  |   icmp   |      0|   0|   1|           2|           1|
    |video_out_V_last_V_1_state_cmp_full  |   icmp   |      0|   0|   1|           2|           1|
    |video_out_V_strb_V_1_state_cmp_full  |   icmp   |      0|   0|   1|           2|           1|
    |video_out_V_user_V_1_state_cmp_full  |   icmp   |      0|   0|   1|           2|           1|
    |ap_block_pp0_stage0_flag00011001     |    or    |      0|   0|   2|           1|           1|
    |leftover_V_1_fu_200_p3               |  select  |      0|   0|   8|           1|           8|
    |pixOut_3_fu_207_p3                   |  select  |      0|   0|  16|           1|          16|
    |ap_enable_pp0                        |    xor   |      0|   0|   2|           1|           2|
    |ap_enable_reg_pp0_iter1              |    xor   |      0|   0|   2|           1|           2|
    +-------------------------------------+----------+-------+----+----+------------+------------+
    |Total                                |          |      0|  68| 127|          91|          80|
    +-------------------------------------+----------+-------+----+----+------------+------------+

    * Multiplexer: 
    +-------------------------------+----+-----------+-----+-----------+
    |              Name             | LUT| Input Size| Bits| Total Bits|
    +-------------------------------+----+-----------+-----+-----------+
    |ap_NS_fsm                      |  27|          5|    1|          5|
    |ap_enable_reg_pp0_iter1        |   9|          2|    1|          2|
    |ap_enable_reg_pp0_iter2        |   9|          2|    1|          2|
    |i_reg_117                      |   9|          2|   21|         42|
    |leftover_V_fu_80               |   9|          2|    8|         16|
    |video_in_TDATA_blk_n           |   9|          2|    1|          2|
    |video_in_V_data_V_0_data_out   |   9|          2|   24|         48|
    |video_in_V_data_V_0_state      |  15|          3|    2|          6|
    |video_in_V_keep_V_0_data_out   |   9|          2|    3|          6|
    |video_in_V_keep_V_0_state      |  15|          3|    2|          6|
    |video_in_V_last_V_0_data_out   |   9|          2|    1|          2|
    |video_in_V_last_V_0_state      |  15|          3|    2|          6|
    |video_in_V_strb_V_0_data_out   |   9|          2|    3|          6|
    |video_in_V_strb_V_0_state      |  15|          3|    2|          6|
    |video_in_V_user_V_0_data_out   |   9|          2|    1|          2|
    |video_in_V_user_V_0_state      |  15|          3|    2|          6|
    |video_out_TDATA_blk_n          |   9|          2|    1|          2|
    |video_out_V_data_V_1_data_out  |   9|          2|   16|         32|
    |video_out_V_data_V_1_state     |  15|          3|    2|          6|
    |video_out_V_keep_V_1_data_out  |   9|          2|    2|          4|
    |video_out_V_keep_V_1_state     |  15|          3|    2|          6|
    |video_out_V_last_V_1_data_out  |   9|          2|    1|          2|
    |video_out_V_last_V_1_state     |  15|          3|    2|          6|
    |video_out_V_strb_V_1_data_out  |   9|          2|    2|          4|
    |video_out_V_strb_V_1_state     |  15|          3|    2|          6|
    |video_out_V_user_V_1_data_out  |   9|          2|    1|          2|
    |video_out_V_user_V_1_state     |  15|          3|    2|          6|
    +-------------------------------+----+-----------+-----+-----------+
    |Total                          | 321|         67|  108|        239|
    +-------------------------------+----+-----------+-----+-----------+

    * Register: 
    +-----------------------------------+----+----+-----+-----------+
    |                Name               | FF | LUT| Bits| Const Bits|
    +-----------------------------------+----+----+-----+-----------+
    |ap_CS_fsm                          |   4|   0|    4|          0|
    |ap_enable_reg_pp0_iter0            |   1|   0|    1|          0|
    |ap_enable_reg_pp0_iter1            |   1|   0|    1|          0|
    |ap_enable_reg_pp0_iter2            |   1|   0|    1|          0|
    |ap_reg_pp0_iter1_exitcond_reg_237  |   1|   0|    1|          0|
    |exitcond_reg_237                   |   1|   0|    1|          0|
    |i_reg_117                          |  21|   0|   21|          0|
    |leftover_V_fu_80                   |   8|   0|    8|          0|
    |tmp_reg_246                        |   1|   0|    1|          0|
    |video_in_V_data_V_0_payload_A      |  24|   0|   24|          0|
    |video_in_V_data_V_0_payload_B      |  24|   0|   24|          0|
    |video_in_V_data_V_0_sel_rd         |   1|   0|    1|          0|
    |video_in_V_data_V_0_sel_wr         |   1|   0|    1|          0|
    |video_in_V_data_V_0_state          |   2|   0|    2|          0|
    |video_in_V_keep_V_0_payload_A      |   3|   0|    3|          0|
    |video_in_V_keep_V_0_payload_B      |   3|   0|    3|          0|
    |video_in_V_keep_V_0_sel_rd         |   1|   0|    1|          0|
    |video_in_V_keep_V_0_sel_wr         |   1|   0|    1|          0|
    |video_in_V_keep_V_0_state          |   2|   0|    2|          0|
    |video_in_V_last_V_0_payload_A      |   1|   0|    1|          0|
    |video_in_V_last_V_0_payload_B      |   1|   0|    1|          0|
    |video_in_V_last_V_0_sel_rd         |   1|   0|    1|          0|
    |video_in_V_last_V_0_sel_wr         |   1|   0|    1|          0|
    |video_in_V_last_V_0_state          |   2|   0|    2|          0|
    |video_in_V_strb_V_0_payload_A      |   3|   0|    3|          0|
    |video_in_V_strb_V_0_payload_B      |   3|   0|    3|          0|
    |video_in_V_strb_V_0_sel_rd         |   1|   0|    1|          0|
    |video_in_V_strb_V_0_sel_wr         |   1|   0|    1|          0|
    |video_in_V_strb_V_0_state          |   2|   0|    2|          0|
    |video_in_V_user_V_0_payload_A      |   1|   0|    1|          0|
    |video_in_V_user_V_0_payload_B      |   1|   0|    1|          0|
    |video_in_V_user_V_0_sel_rd         |   1|   0|    1|          0|
    |video_in_V_user_V_0_sel_wr         |   1|   0|    1|          0|
    |video_in_V_user_V_0_state          |   2|   0|    2|          0|
    |video_out_V_data_V_1_payload_A     |  16|   0|   16|          0|
    |video_out_V_data_V_1_payload_B     |  16|   0|   16|          0|
    |video_out_V_data_V_1_sel_rd        |   1|   0|    1|          0|
    |video_out_V_data_V_1_sel_wr        |   1|   0|    1|          0|
    |video_out_V_data_V_1_state         |   2|   0|    2|          0|
    |video_out_V_keep_V_1_payload_A     |   2|   0|    2|          0|
    |video_out_V_keep_V_1_payload_B     |   2|   0|    2|          0|
    |video_out_V_keep_V_1_sel_rd        |   1|   0|    1|          0|
    |video_out_V_keep_V_1_sel_wr        |   1|   0|    1|          0|
    |video_out_V_keep_V_1_state         |   2|   0|    2|          0|
    |video_out_V_last_V_1_payload_A     |   1|   0|    1|          0|
    |video_out_V_last_V_1_payload_B     |   1|   0|    1|          0|
    |video_out_V_last_V_1_sel_rd        |   1|   0|    1|          0|
    |video_out_V_last_V_1_sel_wr        |   1|   0|    1|          0|
    |video_out_V_last_V_1_state         |   2|   0|    2|          0|
    |video_out_V_strb_V_1_payload_A     |   2|   0|    2|          0|
    |video_out_V_strb_V_1_payload_B     |   2|   0|    2|          0|
    |video_out_V_strb_V_1_sel_rd        |   1|   0|    1|          0|
    |video_out_V_strb_V_1_sel_wr        |   1|   0|    1|          0|
    |video_out_V_strb_V_1_state         |   2|   0|    2|          0|
    |video_out_V_user_V_1_payload_A     |   1|   0|    1|          0|
    |video_out_V_user_V_1_payload_B     |   1|   0|    1|          0|
    |video_out_V_user_V_1_sel_rd        |   1|   0|    1|          0|
    |video_out_V_user_V_1_sel_wr        |   1|   0|    1|          0|
    |video_out_V_user_V_1_state         |   2|   0|    2|          0|
    +-----------------------------------+----+----+-----+-----------+
    |Total                              | 187|   0|  187|          0|
    +-----------------------------------+----+----+-----+-----------+



================================================================
== Interface
================================================================
* Summary: 
+------------------+-----+-----+--------------+------------------------------+--------------+
|     RTL Ports    | Dir | Bits|   Protocol   |         Source Object        |    C Type    |
+------------------+-----+-----+--------------+------------------------------+--------------+
|ap_clk            |  in |    1| ap_ctrl_none | CrappyButFreeChromaResampler | return value |
|ap_rst_n          |  in |    1| ap_ctrl_none | CrappyButFreeChromaResampler | return value |
|video_in_TDATA    |  in |   24|     axis     |       video_in_V_data_V      |    pointer   |
|video_in_TVALID   |  in |    1|     axis     |       video_in_V_last_V      |    pointer   |
|video_in_TREADY   | out |    1|     axis     |       video_in_V_last_V      |    pointer   |
|video_in_TLAST    |  in |    1|     axis     |       video_in_V_last_V      |    pointer   |
|video_in_TKEEP    |  in |    3|     axis     |       video_in_V_keep_V      |    pointer   |
|video_in_TSTRB    |  in |    3|     axis     |       video_in_V_strb_V      |    pointer   |
|video_in_TUSER    |  in |    1|     axis     |       video_in_V_user_V      |    pointer   |
|video_out_TDATA   | out |   16|     axis     |      video_out_V_data_V      |    pointer   |
|video_out_TVALID  | out |    1|     axis     |      video_out_V_last_V      |    pointer   |
|video_out_TREADY  |  in |    1|     axis     |      video_out_V_last_V      |    pointer   |
|video_out_TLAST   | out |    1|     axis     |      video_out_V_last_V      |    pointer   |
|video_out_TKEEP   | out |    2|     axis     |      video_out_V_keep_V      |    pointer   |
|video_out_TSTRB   | out |    2|     axis     |      video_out_V_strb_V      |    pointer   |
|video_out_TUSER   | out |    1|     axis     |      video_out_V_user_V      |    pointer   |
+------------------+-----+-----+--------------+------------------------------+--------------+

